<?xml version="1.0" encoding="UTF-8"?>
<testsuite xmlns:xsi="http://www.w3.org/2001/XMLSchema-instance" xsi:noNamespaceSchemaLocation="https://maven.apache.org/surefire/maven-surefire-plugin/xsd/surefire-test-report.xsd" name="runner.TestRunner" time="3.654" tests="1" errors="1" skipped="0" failures="0">
  <properties>
[...]
</properties>
  <testcase name="User verify currency values change" classname="Home Page" time="0.314">
    <error message="Cannot invoke &quot;org.openqa.selenium.SearchContext.findElement(org.openqa.selenium.By)&quot; because &quot;this.searchContext&quot; is null" type="java.lang.NullPointerException">java.lang.NullPointerException: Cannot invoke "org.openqa.selenium.SearchContext.findElement(org.openqa.selenium.By)" because "this.searchContext" is null
</error>
    <system-out><![CDATA[
@test
Scenario: User verify currency values change # src/test/resources/features/homePage.feature:4
  Given User is on Retail website            # stepDefinitions.LaptopsNoteBooksStep.user_is_on_retail_website()
  When User click on Currency                # stepDefinitions.HomePageStep.user_click_on_currency()
      java.lang.NullPointerException: Cannot invoke "org.openqa.selenium.SearchContext.findElement(org.openqa.selenium.By)" because "this.searchContext" is null
	at org.openqa.selenium.support.pagefactory.DefaultElementLocator.findElement(DefaultElementLocator.java:69)
	at org.openqa.selenium.support.pagefactory.internal.LocatingElementHandler.invoke(LocatingElementHandler.java:38)
	at jdk.proxy2/jdk.proxy2.$Proxy19.click(Unknown Source)
	at pageObjectRepository.HomePageObject.clickOnCurrency(HomePageObject.java:49)
	at stepDefinitions.HomePageStep.user_click_on_currency(HomePageStep.java:17)
	at âœ½.User click on Currency(file:///C:/Users/18184/eclipse-workspace/com.tekschool.retail/src/test/resources/features/homePage.feature:6)

  And User Chose Euro from dropdown          # stepDefinitions.HomePageStep.user_chose_euro_from_dropdown()
  Then currency value should change to Euro  # stepDefinitions.HomePageStep.currency_value_should_change_to_euro()
]]></system-out>
    <system-err><![CDATA[Mar 14, 2022 6:25:16 PM stepDefinitions.LaptopsNoteBooksStep user_is_on_retail_website
INFO: user is on retail website
Mar 14, 2022 6:25:16 PM stepDefinitions.HomePageStep user_click_on_currency
INFO: User clicked on Currency
]]></system-err>
  </testcase>
</testsuite>